* using log directory ‘/var/www/html/TADMaster/TADCallers/CaTCH_R/CaTCH.Rcheck’
* using R version 4.0.2 (2020-06-22)
* using platform: x86_64-pc-linux-gnu (64-bit)
* using session charset: UTF-8
* checking for file ‘CaTCH/DESCRIPTION’ ... OK
* checking extension type ... Package
* this is package ‘CaTCH’ version ‘1.0’
* checking package namespace information ... OK
* checking package dependencies ... OK
* checking if this is a source package ... OK
* checking if there is a namespace ... OK
* checking for executable files ... OK
* checking for hidden files and directories ... OK
* checking for portable file names ... OK
* checking for sufficient/correct file permissions ... OK
* checking whether package ‘CaTCH’ can be installed ... OK
* checking installed package size ... OK
* checking package directory ... OK
* checking DESCRIPTION meta-information ... WARNING
Non-standard license specification:
  GPL-2 or later
Standardizable: FALSE
* checking top-level files ... OK
* checking for left-over files ... OK
* checking index information ... OK
* checking package subdirectories ... OK
* checking R files for non-ASCII characters ... OK
* checking R files for syntax errors ... OK
* checking whether the package can be loaded ... OK
* checking whether the package can be loaded with stated dependencies ... OK
* checking whether the package can be unloaded cleanly ... OK
* checking whether the namespace can be loaded with stated dependencies ... OK
* checking whether the namespace can be unloaded cleanly ... OK
* checking loading without being on the library search path ... OK
* checking dependencies in R code ... OK
* checking S3 generic/method consistency ... OK
* checking replacement functions ... OK
* checking foreign function calls ... OK
* checking R code for possible problems ... OK
* checking Rd files ... NOTE
prepare_Rd: CaTCH-package.Rd:26-27: Dropping empty section \seealso
prepare_Rd: CaTCH-package.Rd:28-29: Dropping empty section \examples
prepare_Rd: domain.call.Rd:46-47: Dropping empty section \details
prepare_Rd: domain.call.Rd:87-89: Dropping empty section \note
prepare_Rd: domain.call.Rd:92-93: Dropping empty section \seealso
* checking Rd metadata ... OK
* checking Rd cross-references ... OK
* checking for missing documentation entries ... OK
* checking for code/documentation mismatches ... WARNING
Codoc mismatches from documentation object 'domain.call':
domain.call.parallel
  Code: function(inputs, ncpu = 4)
  Docs: function(inputs, ncpu = parallel::detectCores() - 1L)
  Mismatches in argument default values:
    Name: 'ncpu' Code: 4 Docs: parallel::detectCores() - 1L

* checking Rd \usage sections ... OK
* checking Rd contents ... OK
* checking for unstated dependencies in examples ... OK
* checking line endings in C/C++/Fortran sources/headers ... OK
* checking compiled code ... OK
* checking examples ... OK
* checking PDF version of manual ... WARNING
LaTeX errors when creating PDF version.
This typically indicates Rd problems.
* checking PDF version of manual without hyperrefs or index ... ERROR
Re-running with no redirection of stdout/stderr.
* DONE
Status: 1 ERROR, 3 WARNINGs, 1 NOTE
